Build started 2015-09-14 오후 9:18:55.
     1>Project "C:\Users\민수\documents\visual studio 2010\Projects\ALGO_HW01_2\ALGO_HW01_2\ALGO_HW01_2.vcxproj" on node 2 (build target(s)).
     1>InitializeBuildStatus:
         Touching "Debug\ALGO_HW01_2.unsuccessfulbuild".
       ClCompile:
         C:\Program Files\Microsoft Visual Studio 10.0\VC\bin\CL.exe /c /ZI /nologo /W3 /WX- /Od /Oy- /D WIN32 /D _DEBUG /D _CONSOLE /D _UNICODE /D UNICODE /Gm /EHsc /RTC1 /MDd /GS /fp:precise /Zc:wchar_t /Zc:forScope /Fo"Debug\\" /Fd"Debug\vc100.pdb" /Gd /TC /analyze- /errorReport:prompt MergeSort.c
         MergeSort.c
     1>c:\users\민수\documents\visual studio 2010\projects\algo_hw01_2\algo_hw01_2\mergesort.c(15): warning C4996: 'fopen': This function or variable may be unsafe. Consider using fopen_s instead. To disable deprecation, use _CRT_SECURE_NO_WARNINGS. See online help for details.
                 c:\program files\microsoft visual studio 10.0\vc\include\stdio.h(234) : see declaration of 'fopen'
     1>c:\users\민수\documents\visual studio 2010\projects\algo_hw01_2\algo_hw01_2\mergesort.c(16): warning C4996: 'fopen': This function or variable may be unsafe. Consider using fopen_s instead. To disable deprecation, use _CRT_SECURE_NO_WARNINGS. See online help for details.
                 c:\program files\microsoft visual studio 10.0\vc\include\stdio.h(234) : see declaration of 'fopen'
     1>c:\users\민수\documents\visual studio 2010\projects\algo_hw01_2\algo_hw01_2\mergesort.c(26): warning C4996: 'fscanf': This function or variable may be unsafe. Consider using fscanf_s instead. To disable deprecation, use _CRT_SECURE_NO_WARNINGS. See online help for details.
                 c:\program files\microsoft visual studio 10.0\vc\include\stdio.h(253) : see declaration of 'fscanf'
       ManifestResourceCompile:
         All outputs are up-to-date.
       Link:
         C:\Program Files\Microsoft Visual Studio 10.0\VC\bin\link.exe /ERRORREPORT:PROMPT /OUT:"C:\Users\민수\documents\visual studio 2010\Projects\ALGO_HW01_2\Debug\ALGO_HW01_2.exe" /INCREMENTAL /NOLOGO kernel32.lib user32.lib gdi32.lib winspool.lib comdlg32.lib advapi32.lib shell32.lib ole32.lib oleaut32.lib uuid.lib odbc32.lib odbccp32.lib /MANIFEST /ManifestFile:"Debug\ALGO_HW01_2.exe.intermediate.manifest" /MANIFESTUAC:"level='asInvoker' uiAccess='false'" /DEBUG /PDB:"C:\Users\민수\documents\visual studio 2010\Projects\ALGO_HW01_2\Debug\ALGO_HW01_2.pdb" /SUBSYSTEM:CONSOLE /TLBID:1 /DYNAMICBASE /NXCOMPAT /IMPLIB:"C:\Users\민수\documents\visual studio 2010\Projects\ALGO_HW01_2\Debug\ALGO_HW01_2.lib" /MACHINE:X86 Debug\ALGO_HW01_2.exe.embed.manifest.res
         Debug\MergeSort.obj
       Manifest:
         C:\Program Files\Microsoft SDKs\Windows\v7.0A\bin\mt.exe /nologo /verbose /out:"Debug\ALGO_HW01_2.exe.embed.manifest" /manifest Debug\ALGO_HW01_2.exe.intermediate.manifest
         All outputs are up-to-date.
       LinkEmbedManifest:
         All outputs are up-to-date.
         ALGO_HW01_2.vcxproj -> C:\Users\민수\documents\visual studio 2010\Projects\ALGO_HW01_2\Debug\ALGO_HW01_2.exe
       FinalizeBuildStatus:
         Deleting file "Debug\ALGO_HW01_2.unsuccessfulbuild".
         Touching "Debug\ALGO_HW01_2.lastbuildstate".
     1>Done Building Project "C:\Users\민수\documents\visual studio 2010\Projects\ALGO_HW01_2\ALGO_HW01_2\ALGO_HW01_2.vcxproj" (build target(s)).

Build succeeded.

Time Elapsed 00:00:01.32
