c:\users\lg\documents\3rd.1\데통\arp\debug\arp.pch
c:\users\lg\documents\3rd.1\데통\arp\debug\vc120.pdb
c:\users\lg\documents\3rd.1\데통\arp\debug\vc120.idb
c:\users\lg\documents\3rd.1\데통\arp\debug\stdafx.obj
c:\users\lg\documents\3rd.1\데통\arp\debug\arp.obj
c:\users\lg\documents\3rd.1\데통\arp\debug\arpdlg.obj
c:\users\lg\documents\3rd.1\데통\arp\debug\baselayer.obj
c:\users\lg\documents\3rd.1\데통\arp\debug\ethernetlayer.obj
c:\users\lg\documents\3rd.1\데통\arp\debug\iplayer.obj
c:\users\lg\documents\3rd.1\데통\arp\debug\layermanager.obj
c:\users\lg\documents\3rd.1\데통\arp\debug\nilayer.obj
c:\users\lg\documents\3rd.1\데통\arp\debug\arp.res
c:\users\lg\documents\3rd.1\데통\arp\debug\arp.pdb
c:\users\lg\documents\3rd.1\데통\arp\debug\arp.tlog\cl.command.1.tlog
c:\users\lg\documents\3rd.1\데통\arp\debug\arp.tlog\cl.read.1.tlog
c:\users\lg\documents\3rd.1\데통\arp\debug\arp.tlog\cl.write.1.tlog
c:\users\lg\documents\3rd.1\데통\arp\debug\arp.tlog\link-cvtres.read.1.tlog
c:\users\lg\documents\3rd.1\데통\arp\debug\arp.tlog\link-cvtres.write.1.tlog
c:\users\lg\documents\3rd.1\데통\arp\debug\arp.tlog\link-mt.read.1.tlog
c:\users\lg\documents\3rd.1\데통\arp\debug\arp.tlog\link-mt.write.1.tlog
c:\users\lg\documents\3rd.1\데통\arp\debug\arp.tlog\link-rc.read.1.tlog
c:\users\lg\documents\3rd.1\데통\arp\debug\arp.tlog\link-rc.write.1.tlog
c:\users\lg\documents\3rd.1\데통\arp\debug\arp.tlog\link.command.1.tlog
c:\users\lg\documents\3rd.1\데통\arp\debug\arp.tlog\link.read.1.tlog
c:\users\lg\documents\3rd.1\데통\arp\debug\arp.tlog\link.write.1.tlog
c:\users\lg\documents\3rd.1\데통\arp\debug\arp.tlog\rc.command.1.tlog
c:\users\lg\documents\3rd.1\데통\arp\debug\arp.tlog\rc.read.1.tlog
c:\users\lg\documents\3rd.1\데통\arp\debug\arp.tlog\rc.write.1.tlog
