빌드 시작: 2015-03-24 오후 8:27:58
     1>2 노드의 "C:\Users\SAMSUNG\Desktop\IPC\ipc.vcxproj" 프로젝트(build 대상)입니다.
     1>InitializeBuildStatus:
         "AlwaysCreate"이(가) 지정되었기 때문에 ".\Debug\ipc.unsuccessfulbuild"을(를) 만들고 있습니다.
       ClCompile:
         모든 출력이 최신 상태입니다.
         C:\Program Files\Microsoft Visual Studio 10.0\VC\bin\CL.exe /c /ZI /nologo /W3 /WX- /Od /Oy- /D WIN32 /D _DEBUG /D _WINDOWS /D _VC80_UPGRADE=0x0600 /D _MBCS /D _AFXDLL /Gm /EHsc /RTC1 /MDd /GS /Gy- /fp:precise /Zc:wchar_t /Zc:forScope /Yu"stdafx.h" /Fp".\Debug\ipc.pch" /Fo".\Debug\\" /Fd".\Debug\vc100.pdb" /Gd /TP /analyze- /errorReport:prompt BaseLayer.cpp
         BaseLayer.cpp
       ResourceCompile:
         모든 출력이 최신 상태입니다.
       ManifestResourceCompile:
         모든 출력이 최신 상태입니다.
       Link:
         C:\Program Files\Microsoft Visual Studio 10.0\VC\bin\link.exe /ERRORREPORT:PROMPT /OUT:".\Debug\ipc.exe" /INCREMENTAL /NOLOGO /MANIFEST /ManifestFile:".\Debug\ipc.exe.intermediate.manifest" /MANIFESTUAC:"level='asInvoker' uiAccess='false'" /DEBUG /PDB:"C:\Users\SAMSUNG\Desktop\IPC\Debug\ipc.pdb" /SUBSYSTEM:WINDOWS /TLBID:1 /DYNAMICBASE /NXCOMPAT /IMPLIB:".\Debug\ipc.lib" /MACHINE:X86 .\Debug\ipc.res
         .\Debug\ipc.exe.embed.manifest.res
         .\Debug\BaseLayer.obj
         .\Debug\ChatAppLayer.obj
         .\Debug\EthernetLayer.obj
         .\Debug\FileLayer.obj
         .\Debug\ipc.obj
         .\Debug\IPCAppDlg.obj
         .\Debug\LayerManager.obj
         .\Debug\StdAfx.obj
       Manifest:
         C:\Program Files\Microsoft SDKs\Windows\v7.0A\bin\mt.exe /nologo /verbose /out:".\Debug\ipc.exe.embed.manifest" /manifest .\Debug\ipc.exe.intermediate.manifest "C:\Program Files\Microsoft Visual Studio 10.0\VC\Include\Manifest\dpiaware.manifest"
         모든 출력이 최신 상태입니다.
       LinkEmbedManifest:
         모든 출력이 최신 상태입니다.
         ipc.vcxproj -> C:\Users\SAMSUNG\Desktop\IPC\.\Debug\ipc.exe
       FinalizeBuildStatus:
         ".\Debug\ipc.unsuccessfulbuild" 파일을 삭제하고 있습니다.
         ".\Debug\ipc.lastbuildstate"에 연결(touching)하고 있습니다.
     1>"C:\Users\SAMSUNG\Desktop\IPC\ipc.vcxproj" 프로젝트를 빌드했습니다(build 대상).

빌드했습니다.

경과 시간: 00:00:01.40
